<?xml version="1.0" encoding="UTF-8"?>
<testng-results ignored="0" total="1" passed="1" failed="0" skipped="0">
  <reporter-output>
  </reporter-output>
  <suite started-at="2024-04-16T18:14:11 IST" name="Default suite" finished-at="2024-04-16T18:14:23 IST" duration-ms="11567">
    <groups>
    </groups>
    <test started-at="2024-04-16T18:14:11 IST" name="Default test" finished-at="2024-04-16T18:14:23 IST" duration-ms="11567">
      <class name="testpkg.Redbuslogintest">
        <test-method is-config="true" signature="setup()[pri:0, instance:testpkg.Redbuslogintest@5ab956d7]" started-at="2024-04-16T18:14:11 IST" name="setup" finished-at="2024-04-16T18:14:22 IST" duration-ms="11317" status="PASS">
          <reporter-output>
          </reporter-output>
        </test-method> <!-- setup -->
        <test-method signature="testLogin()[pri:0, instance:testpkg.Redbuslogintest@5ab956d7]" started-at="2024-04-16T18:14:22 IST" name="testLogin" finished-at="2024-04-16T18:14:23 IST" duration-ms="104" status="PASS">
          <reporter-output>
          </reporter-output>
        </test-method> <!-- testLogin -->
      </class> <!-- testpkg.Redbuslogintest -->
    </test> <!-- Default test -->
  </suite> <!-- Default suite -->
</testng-results>
